<?xml version="1.0" encoding="UTF-8"?>
<testng-results ignored="0" total="4" passed="4" failed="0" skipped="0">
  <reporter-output>
  </reporter-output>
  <suite started-at="2024-11-21T18:54:26 EET" name="All Tests Suite" finished-at="2024-11-21T18:54:43 EET" duration-ms="17224">
    <groups>
    </groups>
    <test started-at="2024-11-21T18:54:26 EET" name="Login with Excel" finished-at="2024-11-21T18:54:43 EET" duration-ms="17224">
      <class name="tests.LoginTest">
        <test-method is-config="true" signature="setUp()[pri:0, instance:tests.LoginTest@433d61fb]" started-at="2024-11-21T18:54:26 EET" name="setUp" finished-at="2024-11-21T18:54:28 EET" duration-ms="2356" status="PASS">
          <reporter-output>
          </reporter-output>
        </test-method> <!-- setUp -->
        <test-method signature="loginTest(java.lang.String,java.lang.String)[pri:0, instance:tests.LoginTest@433d61fb]" started-at="2024-11-21T18:54:29 EET" name="loginTest" data-provider="loginData" finished-at="2024-11-21T18:54:30 EET" duration-ms="849" status="PASS">
          <params>
            <param index="0">
              <value>
                <![CDATA[test@user.com]]>
              </value>
            </param>
            <param index="1">
              <value>
                <![CDATA[qwerty]]>
              </value>
            </param>
          </params>
          <reporter-output>
          </reporter-output>
        </test-method> <!-- loginTest -->
        <test-method signature="loginTest(java.lang.String,java.lang.String)[pri:0, instance:tests.LoginTest@433d61fb]" started-at="2024-11-21T18:54:30 EET" name="loginTest" data-provider="loginData" finished-at="2024-11-21T18:54:36 EET" duration-ms="5985" status="PASS">
          <params>
            <param index="0">
              <value>
                <![CDATA[admin]]>
              </value>
            </param>
            <param index="1">
              <value>
                <![CDATA[123admin]]>
              </value>
            </param>
          </params>
          <reporter-output>
          </reporter-output>
        </test-method> <!-- loginTest -->
        <test-method signature="loginTest(java.lang.String,java.lang.String)[pri:0, instance:tests.LoginTest@433d61fb]" started-at="2024-11-21T18:54:36 EET" name="loginTest" data-provider="loginData" finished-at="2024-11-21T18:54:37 EET" duration-ms="765" status="PASS">
          <params>
            <param index="0">
              <value>
                <![CDATA[test@user.com]]>
              </value>
            </param>
            <param index="1">
              <value>
                <![CDATA[admin]]>
              </value>
            </param>
          </params>
          <reporter-output>
          </reporter-output>
        </test-method> <!-- loginTest -->
        <test-method signature="loginTest(java.lang.String,java.lang.String)[pri:0, instance:tests.LoginTest@433d61fb]" started-at="2024-11-21T18:54:37 EET" name="loginTest" data-provider="loginData" finished-at="2024-11-21T18:54:43 EET" duration-ms="5981" status="PASS">
          <params>
            <param index="0">
              <value>
                <![CDATA[admin123]]>
              </value>
            </param>
            <param index="1">
              <value>
                <![CDATA[123admin]]>
              </value>
            </param>
          </params>
          <reporter-output>
          </reporter-output>
        </test-method> <!-- loginTest -->
        <test-method is-config="true" signature="tearDown()[pri:0, instance:tests.LoginTest@433d61fb]" started-at="2024-11-21T18:54:43 EET" name="tearDown" finished-at="2024-11-21T18:54:43 EET" duration-ms="255" status="PASS">
          <reporter-output>
          </reporter-output>
        </test-method> <!-- tearDown -->
      </class> <!-- tests.LoginTest -->
    </test> <!-- Login with Excel -->
  </suite> <!-- All Tests Suite -->
</testng-results>
